LimeApp/app/build/intermediates/manifest_merge_blame_file/debug/manifest-merger-blame-debug-report.txt
1<?xml version="1.0" encoding="utf-8"?>
2<manifest xmlns:android="http://schemas.android.com/apk/res/android"
3    package="com.example.limeapp"
4    android:versionCode="1"
5    android:versionName="1.5" >
6
7    <uses-sdk
8        android:minSdkVersion="24"
8-->src/main/AndroidManifest.xml
9        android:targetSdkVersion="33" />
9-->src/main/AndroidManifest.xml
10
11    <uses-permission android:name="android.permission.READ_EXTERNAL_STORAGE" />
11-->src/main/AndroidManifest.xml:5:5-80
11-->src/main/AndroidManifest.xml:5:22-77
12    <uses-permission android:name="android.permission.CALL_PHONE" />
12-->src/main/AndroidManifest.xml:6:5-69
12-->src/main/AndroidManifest.xml:6:22-66
13    <uses-permission android:name="android.permission.WRITE_EXTERNAL_STORAGE" />
13-->src/main/AndroidManifest.xml:7:5-81
13-->src/main/AndroidManifest.xml:7:22-78
14    <uses-permission android:name="android.permission.INTERNET" />
14-->src/main/AndroidManifest.xml:8:5-67
14-->src/main/AndroidManifest.xml:8:22-64
15    <uses-permission android:name="android.permission.ACCESS_NETWORK_STATE" />
15-->[com.google.firebase:firebase-auth:21.0.3] AndroidManifest.xml:24:5-79
15-->[com.google.firebase:firebase-auth:21.0.3] AndroidManifest.xml:24:22-76
16
17    <uses-feature
17-->[com.google.android.gms:play-services-maps:18.0.2] AndroidManifest.xml:26:5-28:35
18        android:glEsVersion="0x00020000"
18-->[com.google.android.gms:play-services-maps:18.0.2] AndroidManifest.xml:27:9-41
19        android:required="true" />
19-->[com.google.android.gms:play-services-maps:18.0.2] AndroidManifest.xml:28:9-32
20
21    <queries>
21-->[com.google.android.gms:play-services-maps:18.0.2] AndroidManifest.xml:30:5-34:15
22
23        <!-- Needs to be explicitly declared on Android R+ -->
24        <package android:name="com.google.android.apps.maps" />
24-->[com.google.android.gms:play-services-maps:18.0.2] AndroidManifest.xml:33:9-64
24-->[com.google.android.gms:play-services-maps:18.0.2] AndroidManifest.xml:33:18-61
25    </queries>
26
27    <uses-permission android:name="android.permission.WAKE_LOCK" />
27-->[com.google.android.gms:play-services-measurement-api:20.1.2] AndroidManifest.xml:24:5-68
27-->[com.google.android.gms:play-services-measurement-api:20.1.2] AndroidManifest.xml:24:22-65
28    <uses-permission android:name="com.google.android.gms.permission.AD_ID" />
28-->[com.google.android.gms:play-services-measurement-api:20.1.2] AndroidManifest.xml:25:5-79
28-->[com.google.android.gms:play-services-measurement-api:20.1.2] AndroidManifest.xml:25:22-76
29    <uses-permission android:name="com.google.android.finsky.permission.BIND_GET_INSTALL_REFERRER_SERVICE" />
29-->[com.google.android.gms:play-services-measurement:20.1.2] AndroidManifest.xml:26:5-110
29-->[com.google.android.gms:play-services-measurement:20.1.2] AndroidManifest.xml:26:22-107
30
31    <permission
31-->[androidx.core:core:1.9.0] AndroidManifest.xml:22:5-24:47
32        android:name="com.example.limeapp.DYNAMIC_RECEIVER_NOT_EXPORTED_PERMISSION"
32-->[androidx.core:core:1.9.0] AndroidManifest.xml:23:9-81
33        android:protectionLevel="signature" />
33-->[androidx.core:core:1.9.0] AndroidManifest.xml:24:9-44
34
35    <uses-permission android:name="com.example.limeapp.DYNAMIC_RECEIVER_NOT_EXPORTED_PERMISSION" />
35-->[androidx.core:core:1.9.0] AndroidManifest.xml:26:5-97
35-->[androidx.core:core:1.9.0] AndroidManifest.xml:26:22-94
36
37    <application
37-->src/main/AndroidManifest.xml:10:5-80:19
38        android:allowBackup="true"
38-->src/main/AndroidManifest.xml:11:9-35
39        android:appComponentFactory="androidx.core.app.CoreComponentFactory"
39-->[androidx.core:core:1.9.0] AndroidManifest.xml:28:18-86
40        android:dataExtractionRules="@xml/data_extraction_rules"
40-->src/main/AndroidManifest.xml:12:9-65
41        android:debuggable="true"
42        android:extractNativeLibs="false"
43        android:fullBackupContent="@xml/backup_rules"
43-->src/main/AndroidManifest.xml:13:9-54
44        android:icon="@drawable/appiconmainscreen"
44-->src/main/AndroidManifest.xml:14:9-51
45        android:label="Lime"
45-->src/main/AndroidManifest.xml:15:9-29
46        android:supportsRtl="true"
46-->src/main/AndroidManifest.xml:16:9-35
47        android:testOnly="true"
48        android:theme="@style/Theme.LimeApp" >
48-->src/main/AndroidManifest.xml:17:9-45
49        <activity
49-->src/main/AndroidManifest.xml:19:9-22:52
50            android:name="com.example.limeapp.Activitys.FirstScreen"
50-->src/main/AndroidManifest.xml:20:13-50
51            android:exported="false"
51-->src/main/AndroidManifest.xml:21:13-37
52            android:screenOrientation="portrait" />
52-->src/main/AndroidManifest.xml:22:13-49
53        <activity
53-->src/main/AndroidManifest.xml:23:9-26:52
54            android:name="com.example.limeapp.MainInfo"
54-->src/main/AndroidManifest.xml:24:13-37
55            android:exported="false"
55-->src/main/AndroidManifest.xml:25:13-37
56            android:screenOrientation="portrait" />
56-->src/main/AndroidManifest.xml:26:13-49
57        <activity
57-->src/main/AndroidManifest.xml:27:9-30:52
58            android:name="com.example.limeapp.Activitys.GfreezeDrop"
58-->src/main/AndroidManifest.xml:28:13-50
59            android:exported="false"
59-->src/main/AndroidManifest.xml:29:13-37
60            android:screenOrientation="portrait" />
60-->src/main/AndroidManifest.xml:30:13-49
61        <activity
61-->src/main/AndroidManifest.xml:31:9-34:52
62            android:name="com.example.limeapp.Activitys.AfreezeDrop"
62-->src/main/AndroidManifest.xml:32:13-50
63            android:exported="false"
63-->src/main/AndroidManifest.xml:33:13-37
64            android:screenOrientation="portrait" />
64-->src/main/AndroidManifest.xml:34:13-49
65        <activity
65-->src/main/AndroidManifest.xml:35:9-38:52
66            android:name="com.example.limeapp.Activitys.GFreeze"
66-->src/main/AndroidManifest.xml:36:13-46
67            android:exported="false"
67-->src/main/AndroidManifest.xml:37:13-37
68            android:screenOrientation="portrait" />
68-->src/main/AndroidManifest.xml:38:13-49
69        <activity
69-->src/main/AndroidManifest.xml:39:9-42:52
70            android:name="com.example.limeapp.Activitys.table"
70-->src/main/AndroidManifest.xml:40:13-44
71            android:exported="false"
71-->src/main/AndroidManifest.xml:41:13-37
72            android:screenOrientation="portrait" />
72-->src/main/AndroidManifest.xml:42:13-49
73        <activity
73-->src/main/AndroidManifest.xml:43:9-46:52
74            android:name="com.example.limeapp.Activitys.AFreeze"
74-->src/main/AndroidManifest.xml:44:13-46
75            android:exported="false"
75-->src/main/AndroidManifest.xml:45:13-37
76            android:screenOrientation="portrait" /> <!-- This element is required to enable Google Pay in your app. -->
76-->src/main/AndroidManifest.xml:46:13-49
77        <meta-data
77-->src/main/AndroidManifest.xml:47:9-49:36
78            android:name="com.google.android.gms.wallet.api.enabled"
78-->src/main/AndroidManifest.xml:48:13-69
79            android:value="true" />
79-->src/main/AndroidManifest.xml:49:13-33
80
81        <activity
81-->src/main/AndroidManifest.xml:51:9-54:52
82            android:name="com.example.limeapp.Activitys.BuyScreen"
82-->src/main/AndroidManifest.xml:52:13-48
83            android:exported="false"
83-->src/main/AndroidManifest.xml:53:13-37
84            android:screenOrientation="portrait" />
84-->src/main/AndroidManifest.xml:54:13-49
85        <activity
85-->src/main/AndroidManifest.xml:55:9-64:20
86            android:name="com.example.limeapp.Activitys.LogActivity"
86-->src/main/AndroidManifest.xml:56:13-50
87            android:exported="true"
87-->src/main/AndroidManifest.xml:57:13-36
88            android:screenOrientation="portrait" >
88-->src/main/AndroidManifest.xml:58:13-49
89            <intent-filter>
89-->src/main/AndroidManifest.xml:59:13-63:29
90                <action android:name="android.intent.action.MAIN" />
90-->src/main/AndroidManifest.xml:60:17-69
90-->src/main/AndroidManifest.xml:60:25-66
91
92                <category android:name="android.intent.category.LAUNCHER" />
92-->src/main/AndroidManifest.xml:62:17-77
92-->src/main/AndroidManifest.xml:62:27-74
93            </intent-filter>
94        </activity>
95        <activity
95-->src/main/AndroidManifest.xml:65:9-67:52
96            android:name="com.example.limeapp.Activitys.RegActivity"
96-->src/main/AndroidManifest.xml:66:13-50
97            android:screenOrientation="portrait" />
97-->src/main/AndroidManifest.xml:67:13-49
98        <activity
98-->src/main/AndroidManifest.xml:68:9-70:52
99            android:name="com.example.limeapp.Activitys.VerificationActivity"
99-->src/main/AndroidManifest.xml:69:13-59
100            android:screenOrientation="portrait" />
100-->src/main/AndroidManifest.xml:70:13-49
101        <activity
101-->src/main/AndroidManifest.xml:71:9-73:52
102            android:name="com.example.limeapp.Activitys.ProfileActivity"
102-->src/main/AndroidManifest.xml:72:13-54
103            android:screenOrientation="portrait" />
103-->src/main/AndroidManifest.xml:73:13-49
104        <activity
104-->src/main/AndroidManifest.xml:74:9-76:59
105            android:name="com.theartofdev.edmodo.cropper.CropImageActivity"
105-->src/main/AndroidManifest.xml:75:13-76
106            android:theme="@style/Base.Theme.AppCompat" /> <!-- optional (needed if default theme has no action bar) -->
106-->src/main/AndroidManifest.xml:76:13-56
107        <meta-data
107-->src/main/AndroidManifest.xml:77:9-79:57
108            android:name="preloaded_fonts"
108-->src/main/AndroidManifest.xml:78:13-43
109            android:resource="@array/preloaded_fonts" />
109-->src/main/AndroidManifest.xml:79:13-54
110
111        <provider
111-->[com.squareup.picasso:picasso:2.8] AndroidManifest.xml:8:9-11:40
112            android:name="com.squareup.picasso.PicassoProvider"
112-->[com.squareup.picasso:picasso:2.8] AndroidManifest.xml:9:13-64
113            android:authorities="com.example.limeapp.com.squareup.picasso"
113-->[com.squareup.picasso:picasso:2.8] AndroidManifest.xml:10:13-72
114            android:exported="false" />
114-->[com.squareup.picasso:picasso:2.8] AndroidManifest.xml:11:13-37
115
116        <activity
116-->[com.google.firebase:firebase-auth:21.0.3] AndroidManifest.xml:27:9-44:20
117            android:name="com.google.firebase.auth.internal.GenericIdpActivity"
117-->[com.google.firebase:firebase-auth:21.0.3] AndroidManifest.xml:28:13-80
118            android:excludeFromRecents="true"
118-->[com.google.firebase:firebase-auth:21.0.3] AndroidManifest.xml:29:13-46
119            android:exported="true"
119-->[com.google.firebase:firebase-auth:21.0.3] AndroidManifest.xml:30:13-36
120            android:launchMode="singleTask"
120-->[com.google.firebase:firebase-auth:21.0.3] AndroidManifest.xml:31:13-44
121            android:theme="@android:style/Theme.Translucent.NoTitleBar" >
121-->[com.google.firebase:firebase-auth:21.0.3] AndroidManifest.xml:32:13-72
122            <intent-filter>
122-->[com.google.firebase:firebase-auth:21.0.3] AndroidManifest.xml:33:13-43:29
123                <action android:name="android.intent.action.VIEW" />
123-->[com.google.firebase:firebase-auth:21.0.3] AndroidManifest.xml:34:17-69
123-->[com.google.firebase:firebase-auth:21.0.3] AndroidManifest.xml:34:25-66
124
125                <category android:name="android.intent.category.DEFAULT" />
125-->[com.google.firebase:firebase-auth:21.0.3] AndroidManifest.xml:36:17-76
125-->[com.google.firebase:firebase-auth:21.0.3] AndroidManifest.xml:36:27-73
126                <category android:name="android.intent.category.BROWSABLE" />
126-->[com.google.firebase:firebase-auth:21.0.3] AndroidManifest.xml:37:17-78
126-->[com.google.firebase:firebase-auth:21.0.3] AndroidManifest.xml:37:27-75
127
128                <data
128-->[com.google.firebase:firebase-auth:21.0.3] AndroidManifest.xml:39:17-42:51
129                    android:host="firebase.auth"
129-->[com.google.firebase:firebase-auth:21.0.3] AndroidManifest.xml:40:21-49
130                    android:path="/"
130-->[com.google.firebase:firebase-auth:21.0.3] AndroidManifest.xml:41:21-37
131                    android:scheme="genericidp" />
131-->[com.google.firebase:firebase-auth:21.0.3] AndroidManifest.xml:42:21-48
132            </intent-filter>
133        </activity>
134        <activity
134-->[com.google.firebase:firebase-auth:21.0.3] AndroidManifest.xml:45:9-62:20
135            android:name="com.google.firebase.auth.internal.RecaptchaActivity"
135-->[com.google.firebase:firebase-auth:21.0.3] AndroidManifest.xml:46:13-79
136            android:excludeFromRecents="true"
136-->[com.google.firebase:firebase-auth:21.0.3] AndroidManifest.xml:47:13-46
137            android:exported="true"
137-->[com.google.firebase:firebase-auth:21.0.3] AndroidManifest.xml:48:13-36
138            android:launchMode="singleTask"
138-->[com.google.firebase:firebase-auth:21.0.3] AndroidManifest.xml:49:13-44
139            android:theme="@android:style/Theme.Translucent.NoTitleBar" >
139-->[com.google.firebase:firebase-auth:21.0.3] AndroidManifest.xml:50:13-72
140            <intent-filter>
140-->[com.google.firebase:firebase-auth:21.0.3] AndroidManifest.xml:51:13-61:29
141                <action android:name="android.intent.action.VIEW" />
141-->[com.google.firebase:firebase-auth:21.0.3] AndroidManifest.xml:34:17-69
141-->[com.google.firebase:firebase-auth:21.0.3] AndroidManifest.xml:34:25-66
142
143                <category android:name="android.intent.category.DEFAULT" />
143-->[com.google.firebase:firebase-auth:21.0.3] AndroidManifest.xml:36:17-76
143-->[com.google.firebase:firebase-auth:21.0.3] AndroidManifest.xml:36:27-73
144                <category android:name="android.intent.category.BROWSABLE" />
144-->[com.google.firebase:firebase-auth:21.0.3] AndroidManifest.xml:37:17-78
144-->[com.google.firebase:firebase-auth:21.0.3] AndroidManifest.xml:37:27-75
145
146                <data
146-->[com.google.firebase:firebase-auth:21.0.3] AndroidManifest.xml:39:17-42:51
147                    android:host="firebase.auth"
147-->[com.google.firebase:firebase-auth:21.0.3] AndroidManifest.xml:40:21-49
148                    android:path="/"
148-->[com.google.firebase:firebase-auth:21.0.3] AndroidManifest.xml:41:21-37
149                    android:scheme="recaptcha" />
149-->[com.google.firebase:firebase-auth:21.0.3] AndroidManifest.xml:42:21-48
150            </intent-filter>
151        </activity>
152
153        <service
153-->[com.google.firebase:firebase-auth:21.0.3] AndroidManifest.xml:64:9-70:19
154            android:name="com.google.firebase.components.ComponentDiscoveryService"
154-->[com.google.firebase:firebase-auth:21.0.3] AndroidManifest.xml:65:13-84
155            android:directBootAware="true"
155-->[com.google.firebase:firebase-common:20.1.0] AndroidManifest.xml:35:13-43
156            android:exported="false" >
156-->[com.google.firebase:firebase-auth:21.0.3] AndroidManifest.xml:66:13-37
157            <meta-data
157-->[com.google.firebase:firebase-auth:21.0.3] AndroidManifest.xml:67:13-69:85
158                android:name="com.google.firebase.components:com.google.firebase.auth.FirebaseAuthRegistrar"
158-->[com.google.firebase:firebase-auth:21.0.3] AndroidManifest.xml:68:17-109
159                android:value="com.google.firebase.components.ComponentRegistrar" />
159-->[com.google.firebase:firebase-auth:21.0.3] AndroidManifest.xml:69:17-82
160            <meta-data
160-->[com.google.firebase:firebase-storage:20.0.1] AndroidManifest.xml:33:13-35:85
161                android:name="com.google.firebase.components:com.google.firebase.storage.StorageRegistrar"
161-->[com.google.firebase:firebase-storage:20.0.1] AndroidManifest.xml:34:17-107
162                android:value="com.google.firebase.components.ComponentRegistrar" />
162-->[com.google.firebase:firebase-storage:20.0.1] AndroidManifest.xml:35:17-82
163            <meta-data
163-->[com.google.firebase:firebase-database:20.0.4] AndroidManifest.xml:32:13-34:85
164                android:name="com.google.firebase.components:com.google.firebase.database.DatabaseRegistrar"
164-->[com.google.firebase:firebase-database:20.0.4] AndroidManifest.xml:33:17-109
165                android:value="com.google.firebase.components.ComponentRegistrar" />
165-->[com.google.firebase:firebase-database:20.0.4] AndroidManifest.xml:34:17-82
166            <meta-data
166-->[com.google.android.gms:play-services-measurement-api:20.1.2] AndroidManifest.xml:31:13-33:85
167                android:name="com.google.firebase.components:com.google.firebase.analytics.connector.internal.AnalyticsConnectorRegistrar"
167-->[com.google.android.gms:play-services-measurement-api:20.1.2] AndroidManifest.xml:32:17-139
168                android:value="com.google.firebase.components.ComponentRegistrar" />
168-->[com.google.android.gms:play-services-measurement-api:20.1.2] AndroidManifest.xml:33:17-82
169            <meta-data
169-->[com.google.firebase:firebase-installations:17.0.0] AndroidManifest.xml:18:13-20:85
170                android:name="com.google.firebase.components:com.google.firebase.installations.FirebaseInstallationsRegistrar"
170-->[com.google.firebase:firebase-installations:17.0.0] AndroidManifest.xml:19:17-127
171                android:value="com.google.firebase.components.ComponentRegistrar" />
171-->[com.google.firebase:firebase-installations:17.0.0] AndroidManifest.xml:20:17-82
172        </service> <!-- Needs to be explicitly declared on P+ -->
173        <uses-library
173-->[com.google.android.gms:play-services-maps:18.0.2] AndroidManifest.xml:39:9-41:40
174            android:name="org.apache.http.legacy"
174-->[com.google.android.gms:play-services-maps:18.0.2] AndroidManifest.xml:40:13-50
175            android:required="false" />
175-->[com.google.android.gms:play-services-maps:18.0.2] AndroidManifest.xml:41:13-37
176
177        <activity
177-->[com.google.android.gms:play-services-base:18.0.1] AndroidManifest.xml:20:9-22:45
178            android:name="com.google.android.gms.common.api.GoogleApiActivity"
178-->[com.google.android.gms:play-services-base:18.0.1] AndroidManifest.xml:20:19-85
179            android:exported="false"
179-->[com.google.android.gms:play-services-base:18.0.1] AndroidManifest.xml:22:19-43
180            android:theme="@android:style/Theme.Translucent.NoTitleBar" />
180-->[com.google.android.gms:play-services-base:18.0.1] AndroidManifest.xml:21:19-78
181
182        <provider
182-->[com.google.firebase:firebase-common:20.1.0] AndroidManifest.xml:26:9-31:39
183            android:name="com.google.firebase.provider.FirebaseInitProvider"
183-->[com.google.firebase:firebase-common:20.1.0] AndroidManifest.xml:27:13-77
184            android:authorities="com.example.limeapp.firebaseinitprovider"
184-->[com.google.firebase:firebase-common:20.1.0] AndroidManifest.xml:28:13-72
185            android:directBootAware="true"
185-->[com.google.firebase:firebase-common:20.1.0] AndroidManifest.xml:29:13-43
186            android:exported="false"
186-->[com.google.firebase:firebase-common:20.1.0] AndroidManifest.xml:30:13-37
187            android:initOrder="100" />
187-->[com.google.firebase:firebase-common:20.1.0] AndroidManifest.xml:31:13-36
188
189        <receiver
189-->[com.google.android.gms:play-services-measurement:20.1.2] AndroidManifest.xml:29:9-33:20
190            android:name="com.google.android.gms.measurement.AppMeasurementReceiver"
190-->[com.google.android.gms:play-services-measurement:20.1.2] AndroidManifest.xml:30:13-85
191            android:enabled="true"
191-->[com.google.android.gms:play-services-measurement:20.1.2] AndroidManifest.xml:31:13-35
192            android:exported="false" >
192-->[com.google.android.gms:play-services-measurement:20.1.2] AndroidManifest.xml:32:13-37
193        </receiver>
194
195        <service
195-->[com.google.android.gms:play-services-measurement:20.1.2] AndroidManifest.xml:35:9-38:40
196            android:name="com.google.android.gms.measurement.AppMeasurementService"
196-->[com.google.android.gms:play-services-measurement:20.1.2] AndroidManifest.xml:36:13-84
197            android:enabled="true"
197-->[com.google.android.gms:play-services-measurement:20.1.2] AndroidManifest.xml:37:13-35
198            android:exported="false" />
198-->[com.google.android.gms:play-services-measurement:20.1.2] AndroidManifest.xml:38:13-37
199        <service
199-->[com.google.android.gms:play-services-measurement:20.1.2] AndroidManifest.xml:39:9-43:72
200            android:name="com.google.android.gms.measurement.AppMeasurementJobService"
200-->[com.google.android.gms:play-services-measurement:20.1.2] AndroidManifest.xml:40:13-87
201            android:enabled="true"
201-->[com.google.android.gms:play-services-measurement:20.1.2] AndroidManifest.xml:41:13-35
202            android:exported="false"
202-->[com.google.android.gms:play-services-measurement:20.1.2] AndroidManifest.xml:42:13-37
203            android:permission="android.permission.BIND_JOB_SERVICE" />
203-->[com.google.android.gms:play-services-measurement:20.1.2] AndroidManifest.xml:43:13-69
204
205        <meta-data
205-->[com.google.android.gms:play-services-basement:18.0.0] AndroidManifest.xml:21:9-23:69
206            android:name="com.google.android.gms.version"
206-->[com.google.android.gms:play-services-basement:18.0.0] AndroidManifest.xml:22:13-58
207            android:value="@integer/google_play_services_version" />
207-->[com.google.android.gms:play-services-basement:18.0.0] AndroidManifest.xml:23:13-66
208
209        <provider
209-->[androidx.emoji2:emoji2:1.2.0] AndroidManifest.xml:24:9-32:20
210            android:name="androidx.startup.InitializationProvider"
210-->[androidx.emoji2:emoji2:1.2.0] AndroidManifest.xml:25:13-67
211            android:authorities="com.example.limeapp.androidx-startup"
211-->[androidx.emoji2:emoji2:1.2.0] AndroidManifest.xml:26:13-68
212            android:exported="false" >
212-->[androidx.emoji2:emoji2:1.2.0] AndroidManifest.xml:27:13-37
213            <meta-data
213-->[androidx.emoji2:emoji2:1.2.0] AndroidManifest.xml:29:13-31:52
214                android:name="androidx.emoji2.text.EmojiCompatInitializer"
214-->[androidx.emoji2:emoji2:1.2.0] AndroidManifest.xml:30:17-75
215                android:value="androidx.startup" />
215-->[androidx.emoji2:emoji2:1.2.0] AndroidManifest.xml:31:17-49
216            <meta-data
216-->[androidx.lifecycle:lifecycle-process:2.6.1] AndroidManifest.xml:29:13-31:52
217                android:name="androidx.lifecycle.ProcessLifecycleInitializer"
217-->[androidx.lifecycle:lifecycle-process:2.6.1] AndroidManifest.xml:30:17-78
218                android:value="androidx.startup" />
218-->[androidx.lifecycle:lifecycle-process:2.6.1] AndroidManifest.xml:31:17-49
219            <meta-data
219-->[androidx.profileinstaller:profileinstaller:1.3.0] AndroidManifest.xml:29:13-31:52
220                android:name="androidx.profileinstaller.ProfileInstallerInitializer"
220-->[androidx.profileinstaller:profileinstaller:1.3.0] AndroidManifest.xml:30:17-85
221                android:value="androidx.startup" />
221-->[androidx.profileinstaller:profileinstaller:1.3.0] AndroidManifest.xml:31:17-49
222        </provider>
223
224        <uses-library
224-->[androidx.window:window:1.0.0] AndroidManifest.xml:25:9-27:40
225            android:name="androidx.window.extensions"
225-->[androidx.window:window:1.0.0] AndroidManifest.xml:26:13-54
226            android:required="false" />
226-->[androidx.window:window:1.0.0] AndroidManifest.xml:27:13-37
227        <uses-library
227-->[androidx.window:window:1.0.0] AndroidManifest.xml:28:9-30:40
228            android:name="androidx.window.sidecar"
228-->[androidx.window:window:1.0.0] AndroidManifest.xml:29:13-51
229            android:required="false" />
229-->[androidx.window:window:1.0.0] AndroidManifest.xml:30:13-37
230
231        <receiver
231-->[androidx.profileinstaller:profileinstaller:1.3.0] AndroidManifest.xml:34:9-52:20
232            android:name="androidx.profileinstaller.ProfileInstallReceiver"
232-->[androidx.profileinstaller:profileinstaller:1.3.0] AndroidManifest.xml:35:13-76
233            android:directBootAware="false"
233-->[androidx.profileinstaller:profileinstaller:1.3.0] AndroidManifest.xml:36:13-44
234            android:enabled="true"
234-->[androidx.profileinstaller:profileinstaller:1.3.0] AndroidManifest.xml:37:13-35
235            android:exported="true"
235-->[androidx.profileinstaller:profileinstaller:1.3.0] AndroidManifest.xml:38:13-36
236            android:permission="android.permission.DUMP" >
236-->[androidx.profileinstaller:profileinstaller:1.3.0] AndroidManifest.xml:39:13-57
237            <intent-filter>
237-->[androidx.profileinstaller:profileinstaller:1.3.0] AndroidManifest.xml:40:13-42:29
238                <action android:name="androidx.profileinstaller.action.INSTALL_PROFILE" />
238-->[androidx.profileinstaller:profileinstaller:1.3.0] AndroidManifest.xml:41:17-91
238-->[androidx.profileinstaller:profileinstaller:1.3.0] AndroidManifest.xml:41:25-88
239            </intent-filter>
240            <intent-filter>
240-->[androidx.profileinstaller:profileinstaller:1.3.0] AndroidManifest.xml:43:13-45:29
241                <action android:name="androidx.profileinstaller.action.SKIP_FILE" />
241-->[androidx.profileinstaller:profileinstaller:1.3.0] AndroidManifest.xml:44:17-85
241-->[androidx.profileinstaller:profileinstaller:1.3.0] AndroidManifest.xml:44:25-82
242            </intent-filter>
243            <intent-filter>
243-->[androidx.profileinstaller:profileinstaller:1.3.0] AndroidManifest.xml:46:13-48:29
244                <action android:name="androidx.profileinstaller.action.SAVE_PROFILE" />
244-->[androidx.profileinstaller:profileinstaller:1.3.0] AndroidManifest.xml:47:17-88
244-->[androidx.profileinstaller:profileinstaller:1.3.0] AndroidManifest.xml:47:25-85
245            </intent-filter>
246            <intent-filter>
246-->[androidx.profileinstaller:profileinstaller:1.3.0] AndroidManifest.xml:49:13-51:29
247                <action android:name="androidx.profileinstaller.action.BENCHMARK_OPERATION" />
247-->[androidx.profileinstaller:profileinstaller:1.3.0] AndroidManifest.xml:50:17-95
247-->[androidx.profileinstaller:profileinstaller:1.3.0] AndroidManifest.xml:50:25-92
248            </intent-filter>
249        </receiver>
250    </application>
251
252</manifest>